/home/wtsmith/anaconda3/envs/py3/lib/python3.8/site-packages/torch/nn/functional.py:1569: UserWarning: nn.functional.sigmoid is deprecated. Use torch.sigmoid instead.
  warnings.warn("nn.functional.sigmoid is deprecated. Use torch.sigmoid instead.")
/home/wtsmith/anaconda3/envs/py3/lib/python3.8/site-packages/torch/nn/functional.py:1569: UserWarning: nn.functional.sigmoid is deprecated. Use torch.sigmoid instead.
  warnings.warn("nn.functional.sigmoid is deprecated. Use torch.sigmoid instead.")
/home/wtsmith/anaconda3/envs/py3/lib/python3.8/site-packages/torch/nn/functional.py:1569: UserWarning: nn.functional.sigmoid is deprecated. Use torch.sigmoid instead.
  warnings.warn("nn.functional.sigmoid is deprecated. Use torch.sigmoid instead.")
/home/wtsmith/anaconda3/envs/py3/lib/python3.8/site-packages/torch/nn/functional.py:1569: UserWarning: nn.functional.sigmoid is deprecated. Use torch.sigmoid instead.
  warnings.warn("nn.functional.sigmoid is deprecated. Use torch.sigmoid instead.")
/home/wtsmith/anaconda3/envs/py3/lib/python3.8/site-packages/torch/nn/functional.py:1569: UserWarning: nn.functional.sigmoid is deprecated. Use torch.sigmoid instead.
  warnings.warn("nn.functional.sigmoid is deprecated. Use torch.sigmoid instead.")
/home/wtsmith/anaconda3/envs/py3/lib/python3.8/site-packages/torch/nn/functional.py:1569: UserWarning: nn.functional.sigmoid is deprecated. Use torch.sigmoid instead.
  warnings.warn("nn.functional.sigmoid is deprecated. Use torch.sigmoid instead.")
/home/wtsmith/anaconda3/envs/py3/lib/python3.8/site-packages/torch/nn/functional.py:1569: UserWarning: nn.functional.sigmoid is deprecated. Use torch.sigmoid instead.
  warnings.warn("nn.functional.sigmoid is deprecated. Use torch.sigmoid instead.")
/home/wtsmith/anaconda3/envs/py3/lib/python3.8/site-packages/torch/nn/functional.py:1569: UserWarning: nn.functional.sigmoid is deprecated. Use torch.sigmoid instead.
  warnings.warn("nn.functional.sigmoid is deprecated. Use torch.sigmoid instead.")
/home/wtsmith/anaconda3/envs/py3/lib/python3.8/site-packages/torch/nn/functional.py:1569: UserWarning: nn.functional.sigmoid is deprecated. Use torch.sigmoid instead.
  warnings.warn("nn.functional.sigmoid is deprecated. Use torch.sigmoid instead.")
/home/wtsmith/anaconda3/envs/py3/lib/python3.8/site-packages/torch/nn/functional.py:1569: UserWarning: nn.functional.sigmoid is deprecated. Use torch.sigmoid instead.
  warnings.warn("nn.functional.sigmoid is deprecated. Use torch.sigmoid instead.")
/home/wtsmith/anaconda3/envs/py3/lib/python3.8/site-packages/torch/nn/functional.py:1569: UserWarning: nn.functional.sigmoid is deprecated. Use torch.sigmoid instead.
  warnings.warn("nn.functional.sigmoid is deprecated. Use torch.sigmoid instead.")
/home/wtsmith/anaconda3/envs/py3/lib/python3.8/site-packages/torch/nn/functional.py:1569: UserWarning: nn.functional.sigmoid is deprecated. Use torch.sigmoid instead.
  warnings.warn("nn.functional.sigmoid is deprecated. Use torch.sigmoid instead.")
/home/wtsmith/anaconda3/envs/py3/lib/python3.8/site-packages/torch/nn/functional.py:1569: UserWarning: nn.functional.sigmoid is deprecated. Use torch.sigmoid instead.
  warnings.warn("nn.functional.sigmoid is deprecated. Use torch.sigmoid instead.")
/home/wtsmith/anaconda3/envs/py3/lib/python3.8/site-packages/torch/nn/functional.py:1569: UserWarning: nn.functional.sigmoid is deprecated. Use torch.sigmoid instead.
  warnings.warn("nn.functional.sigmoid is deprecated. Use torch.sigmoid instead.")
/home/wtsmith/anaconda3/envs/py3/lib/python3.8/site-packages/torch/nn/functional.py:1569: UserWarning: nn.functional.sigmoid is deprecated. Use torch.sigmoid instead.
  warnings.warn("nn.functional.sigmoid is deprecated. Use torch.sigmoid instead.")
/home/wtsmith/anaconda3/envs/py3/lib/python3.8/site-packages/torch/nn/functional.py:1569: UserWarning: nn.functional.sigmoid is deprecated. Use torch.sigmoid instead.
  warnings.warn("nn.functional.sigmoid is deprecated. Use torch.sigmoid instead.")
/home/wtsmith/anaconda3/envs/py3/lib/python3.8/site-packages/torch/nn/functional.py:1569: UserWarning: nn.functional.sigmoid is deprecated. Use torch.sigmoid instead.
  warnings.warn("nn.functional.sigmoid is deprecated. Use torch.sigmoid instead.")
/home/wtsmith/anaconda3/envs/py3/lib/python3.8/site-packages/torch/nn/functional.py:1569: UserWarning: nn.functional.sigmoid is deprecated. Use torch.sigmoid instead.
  warnings.warn("nn.functional.sigmoid is deprecated. Use torch.sigmoid instead.")
/home/wtsmith/anaconda3/envs/py3/lib/python3.8/site-packages/torch/nn/functional.py:1569: UserWarning: nn.functional.sigmoid is deprecated. Use torch.sigmoid instead.
  warnings.warn("nn.functional.sigmoid is deprecated. Use torch.sigmoid instead.")
/home/wtsmith/anaconda3/envs/py3/lib/python3.8/site-packages/torch/nn/functional.py:1569: UserWarning: nn.functional.sigmoid is deprecated. Use torch.sigmoid instead.
  warnings.warn("nn.functional.sigmoid is deprecated. Use torch.sigmoid instead.")
/home/wtsmith/anaconda3/envs/py3/lib/python3.8/site-packages/torch/nn/functional.py:1569: UserWarning: nn.functional.sigmoid is deprecated. Use torch.sigmoid instead.
  warnings.warn("nn.functional.sigmoid is deprecated. Use torch.sigmoid instead.")
/home/wtsmith/anaconda3/envs/py3/lib/python3.8/site-packages/torch/nn/functional.py:1569: UserWarning: nn.functional.sigmoid is deprecated. Use torch.sigmoid instead.
  warnings.warn("nn.functional.sigmoid is deprecated. Use torch.sigmoid instead.")
/home/wtsmith/anaconda3/envs/py3/lib/python3.8/site-packages/torch/nn/functional.py:1569: UserWarning: nn.functional.sigmoid is deprecated. Use torch.sigmoid instead.
  warnings.warn("nn.functional.sigmoid is deprecated. Use torch.sigmoid instead.")
/home/wtsmith/anaconda3/envs/py3/lib/python3.8/site-packages/torch/nn/functional.py:1569: UserWarning: nn.functional.sigmoid is deprecated. Use torch.sigmoid instead.
  warnings.warn("nn.functional.sigmoid is deprecated. Use torch.sigmoid instead.")
/home/wtsmith/anaconda3/envs/py3/lib/python3.8/site-packages/torch/nn/functional.py:1569: UserWarning: nn.functional.sigmoid is deprecated. Use torch.sigmoid instead.
  warnings.warn("nn.functional.sigmoid is deprecated. Use torch.sigmoid instead.")
/home/wtsmith/anaconda3/envs/py3/lib/python3.8/site-packages/torch/nn/functional.py:1569: UserWarning: nn.functional.sigmoid is deprecated. Use torch.sigmoid instead.
  warnings.warn("nn.functional.sigmoid is deprecated. Use torch.sigmoid instead.")
/home/wtsmith/anaconda3/envs/py3/lib/python3.8/site-packages/torch/nn/functional.py:1569: UserWarning: nn.functional.sigmoid is deprecated. Use torch.sigmoid instead.
  warnings.warn("nn.functional.sigmoid is deprecated. Use torch.sigmoid instead.")
/home/wtsmith/anaconda3/envs/py3/lib/python3.8/site-packages/torch/nn/functional.py:1569: UserWarning: nn.functional.sigmoid is deprecated. Use torch.sigmoid instead.
  warnings.warn("nn.functional.sigmoid is deprecated. Use torch.sigmoid instead.")
/home/wtsmith/anaconda3/envs/py3/lib/python3.8/site-packages/torch/nn/functional.py:1569: UserWarning: nn.functional.sigmoid is deprecated. Use torch.sigmoid instead.
  warnings.warn("nn.functional.sigmoid is deprecated. Use torch.sigmoid instead.")
/home/wtsmith/anaconda3/envs/py3/lib/python3.8/site-packages/torch/nn/functional.py:1569: UserWarning: nn.functional.sigmoid is deprecated. Use torch.sigmoid instead.
  warnings.warn("nn.functional.sigmoid is deprecated. Use torch.sigmoid instead.")
/home/wtsmith/anaconda3/envs/py3/lib/python3.8/site-packages/torch/nn/functional.py:1569: UserWarning: nn.functional.sigmoid is deprecated. Use torch.sigmoid instead.
  warnings.warn("nn.functional.sigmoid is deprecated. Use torch.sigmoid instead.")
/home/wtsmith/anaconda3/envs/py3/lib/python3.8/site-packages/torch/nn/functional.py:1569: UserWarning: nn.functional.sigmoid is deprecated. Use torch.sigmoid instead.
  warnings.warn("nn.functional.sigmoid is deprecated. Use torch.sigmoid instead.")
/home/wtsmith/anaconda3/envs/py3/lib/python3.8/site-packages/torch/nn/functional.py:1569: UserWarning: nn.functional.sigmoid is deprecated. Use torch.sigmoid instead.
  warnings.warn("nn.functional.sigmoid is deprecated. Use torch.sigmoid instead.")
/home/wtsmith/anaconda3/envs/py3/lib/python3.8/site-packages/torch/nn/functional.py:1569: UserWarning: nn.functional.sigmoid is deprecated. Use torch.sigmoid instead.
  warnings.warn("nn.functional.sigmoid is deprecated. Use torch.sigmoid instead.")
/home/wtsmith/anaconda3/envs/py3/lib/python3.8/site-packages/torch/nn/functional.py:1569: UserWarning: nn.functional.sigmoid is deprecated. Use torch.sigmoid instead.
  warnings.warn("nn.functional.sigmoid is deprecated. Use torch.sigmoid instead.")
/home/wtsmith/anaconda3/envs/py3/lib/python3.8/site-packages/torch/nn/functional.py:1569: UserWarning: nn.functional.sigmoid is deprecated. Use torch.sigmoid instead.
  warnings.warn("nn.functional.sigmoid is deprecated. Use torch.sigmoid instead.")
/home/wtsmith/anaconda3/envs/py3/lib/python3.8/site-packages/torch/nn/functional.py:1569: UserWarning: nn.functional.sigmoid is deprecated. Use torch.sigmoid instead.
  warnings.warn("nn.functional.sigmoid is deprecated. Use torch.sigmoid instead.")
/home/wtsmith/anaconda3/envs/py3/lib/python3.8/site-packages/torch/nn/functional.py:1569: UserWarning: nn.functional.sigmoid is deprecated. Use torch.sigmoid instead.
  warnings.warn("nn.functional.sigmoid is deprecated. Use torch.sigmoid instead.")
/home/wtsmith/anaconda3/envs/py3/lib/python3.8/site-packages/torch/nn/functional.py:1569: UserWarning: nn.functional.sigmoid is deprecated. Use torch.sigmoid instead.
  warnings.warn("nn.functional.sigmoid is deprecated. Use torch.sigmoid instead.")
/home/wtsmith/anaconda3/envs/py3/lib/python3.8/site-packages/torch/nn/functional.py:1569: UserWarning: nn.functional.sigmoid is deprecated. Use torch.sigmoid instead.
  warnings.warn("nn.functional.sigmoid is deprecated. Use torch.sigmoid instead.")
/home/wtsmith/anaconda3/envs/py3/lib/python3.8/site-packages/torch/nn/functional.py:1569: UserWarning: nn.functional.sigmoid is deprecated. Use torch.sigmoid instead.
  warnings.warn("nn.functional.sigmoid is deprecated. Use torch.sigmoid instead.")
/home/wtsmith/anaconda3/envs/py3/lib/python3.8/site-packages/torch/nn/functional.py:1569: UserWarning: nn.functional.sigmoid is deprecated. Use torch.sigmoid instead.
  warnings.warn("nn.functional.sigmoid is deprecated. Use torch.sigmoid instead.")
/home/wtsmith/anaconda3/envs/py3/lib/python3.8/site-packages/torch/nn/functional.py:1569: UserWarning: nn.functional.sigmoid is deprecated. Use torch.sigmoid instead.
  warnings.warn("nn.functional.sigmoid is deprecated. Use torch.sigmoid instead.")
/home/wtsmith/anaconda3/envs/py3/lib/python3.8/site-packages/torch/nn/functional.py:1569: UserWarning: nn.functional.sigmoid is deprecated. Use torch.sigmoid instead.
  warnings.warn("nn.functional.sigmoid is deprecated. Use torch.sigmoid instead.")
/home/wtsmith/anaconda3/envs/py3/lib/python3.8/site-packages/torch/nn/functional.py:1569: UserWarning: nn.functional.sigmoid is deprecated. Use torch.sigmoid instead.
  warnings.warn("nn.functional.sigmoid is deprecated. Use torch.sigmoid instead.")
/home/wtsmith/anaconda3/envs/py3/lib/python3.8/site-packages/torch/nn/functional.py:1569: UserWarning: nn.functional.sigmoid is deprecated. Use torch.sigmoid instead.
  warnings.warn("nn.functional.sigmoid is deprecated. Use torch.sigmoid instead.")
/home/wtsmith/anaconda3/envs/py3/lib/python3.8/site-packages/torch/nn/functional.py:1569: UserWarning: nn.functional.sigmoid is deprecated. Use torch.sigmoid instead.
  warnings.warn("nn.functional.sigmoid is deprecated. Use torch.sigmoid instead.")
/home/wtsmith/anaconda3/envs/py3/lib/python3.8/site-packages/torch/nn/functional.py:1569: UserWarning: nn.functional.sigmoid is deprecated. Use torch.sigmoid instead.
  warnings.warn("nn.functional.sigmoid is deprecated. Use torch.sigmoid instead.")
/home/wtsmith/anaconda3/envs/py3/lib/python3.8/site-packages/torch/nn/functional.py:1569: UserWarning: nn.functional.sigmoid is deprecated. Use torch.sigmoid instead.
  warnings.warn("nn.functional.sigmoid is deprecated. Use torch.sigmoid instead.")
/home/wtsmith/anaconda3/envs/py3/lib/python3.8/site-packages/torch/nn/functional.py:1569: UserWarning: nn.functional.sigmoid is deprecated. Use torch.sigmoid instead.
  warnings.warn("nn.functional.sigmoid is deprecated. Use torch.sigmoid instead.")
Skipped error file ERNData/Training/Data_S22_Sess05.csv
(5340, 260, 58)
train_samples.shape (2000, 260, 58)
train_labels.shape (2000, 1)
val_samples.shape (4300, 260, 58)
val_labels.shape (480, 1)
(2000, 1, 260, 58)
-------------
(2000, 1)
------------------------------
(4300, 1, 260, 58)
-------------
(480, 1)

Epoch  0
Parameters:["acc", "auc", "recall", "precision","fmeasure"]
validation_results [0.6, 0.49641347025067956, 0.8571428571428571, 0.6407766990291263, 0.7333333333333333]

Epoch  1
Parameters:["acc", "auc", "recall", "precision","fmeasure"]
validation_results [0.6291666666666667, 0.49354424645122313, 0.9675324675324676, 0.6394849785407726, 0.7700258397932818]

Epoch  2
Parameters:["acc", "auc", "recall", "precision","fmeasure"]
validation_results [0.5729166666666666, 0.5086831772878284, 0.7987012987012987, 0.6323907455012854, 0.7058823529411765]

Epoch  3
Parameters:["acc", "auc", "recall", "precision","fmeasure"]
validation_results [0.6145833333333334, 0.5396594684385382, 0.8766233766233766, 0.6474820143884892, 0.7448275862068966]

Epoch  4
Parameters:["acc", "auc", "recall", "precision","fmeasure"]
validation_results [0.6229166666666667, 0.5246337964361221, 0.8928571428571429, 0.6501182033096927, 0.7523939808481532]

Epoch  5
Parameters:["acc", "auc", "recall", "precision","fmeasure"]
validation_results [0.61875, 0.5156485955904561, 0.8214285714285714, 0.6640419947506562, 0.7343976777939042]

Epoch  6
Parameters:["acc", "auc", "recall", "precision","fmeasure"]
validation_results [0.625, 0.5874546964663244, 0.7922077922077922, 0.6777777777777778, 0.7305389221556887]

Epoch  7
Parameters:["acc", "auc", "recall", "precision","fmeasure"]
validation_results [0.6020833333333333, 0.5560064935064934, 0.7435064935064936, 0.6715542521994134, 0.7057010785824346]

Epoch  8
Parameters:["acc", "auc", "recall", "precision","fmeasure"]
validation_results [0.60625, 0.5666150709755361, 0.7435064935064936, 0.6755162241887905, 0.7078825347758888]

Epoch  9
Parameters:["acc", "auc", "recall", "precision","fmeasure"]
validation_results [0.5625, 0.5547040169133193, 0.6396103896103896, 0.6655405405405406, 0.6523178807947019]

Epoch  10
Parameters:["acc", "auc", "recall", "precision","fmeasure"]
validation_results [0.6125, 0.5513062518876473, 0.7922077922077922, 0.6666666666666666, 0.7240356083086054]

Epoch  11
Parameters:["acc", "auc", "recall", "precision","fmeasure"]
validation_results [0.5395833333333333, 0.5594986408939897, 0.5746753246753247, 0.6629213483146067, 0.6156521739130435]

Epoch  12
Parameters:["acc", "auc", "recall", "precision","fmeasure"]
validation_results [0.5895833333333333, 0.5991486710963455, 0.711038961038961, 0.6697247706422018, 0.6897637795275591]

Epoch  13
Parameters:["acc", "auc", "recall", "precision","fmeasure"]
validation_results [0.61875, 0.6034241920869828, 0.7012987012987013, 0.7035830618892508, 0.702439024390244]

Epoch  14
Parameters:["acc", "auc", "recall", "precision","fmeasure"]
validation_results [0.59375, 0.584094684385382, 0.6915584415584416, 0.6805111821086262, 0.6859903381642511]

Epoch  15
Parameters:["acc", "auc", "recall", "precision","fmeasure"]
validation_results [0.5458333333333333, 0.5448882512836001, 0.6038961038961039, 0.6595744680851063, 0.6305084745762711]

Epoch  16
Parameters:["acc", "auc", "recall", "precision","fmeasure"]
validation_results [0.6, 0.591248867411658, 0.6623376623376623, 0.6986301369863014, 0.68]

Epoch  17
Parameters:["acc", "auc", "recall", "precision","fmeasure"]
validation_results [0.5958333333333333, 0.571107671398369, 0.7175324675324676, 0.6737804878048781, 0.6949685534591196]

Epoch  18
Parameters:["acc", "auc", "recall", "precision","fmeasure"]
validation_results [0.5979166666666667, 0.5875868317728783, 0.6655844155844156, 0.6949152542372882, 0.6799336650082919]

Epoch  19
Parameters:["acc", "auc", "recall", "precision","fmeasure"]
validation_results [0.5520833333333334, 0.570522500755059, 0.5681818181818182, 0.6809338521400778, 0.6194690265486726]

Epoch  20
Parameters:["acc", "auc", "recall", "precision","fmeasure"]
validation_results [0.5979166666666667, 0.567596647538508, 0.7337662337662337, 0.6706231454005934, 0.7007751937984495]

Epoch  21
Parameters:["acc", "auc", "recall", "precision","fmeasure"]
validation_results [0.5625, 0.5612163998791906, 0.6428571428571429, 0.6644295302013423, 0.6534653465346535]

Epoch  22
Parameters:["acc", "auc", "recall", "precision","fmeasure"]
validation_results [0.5875, 0.5863221081244336, 0.6525974025974026, 0.6883561643835616, 0.67]

Epoch  23
Parameters:["acc", "auc", "recall", "precision","fmeasure"]
validation_results [0.6, 0.5756380247659317, 0.737012987012987, 0.6715976331360947, 0.7027863777089782]

Epoch  24
Parameters:["acc", "auc", "recall", "precision","fmeasure"]
validation_results [0.5541666666666667, 0.5248791905768649, 0.6688311688311688, 0.6477987421383647, 0.65814696485623]

Epoch  25
Parameters:["acc", "auc", "recall", "precision","fmeasure"]
validation_results [0.5895833333333333, 0.5667849592268197, 0.7045454545454546, 0.6718266253869969, 0.687797147385103]

Epoch  26
Parameters:["acc", "auc", "recall", "precision","fmeasure"]
validation_results [0.6104166666666667, 0.568219571126548, 0.7337662337662337, 0.6827794561933535, 0.7073552425665102]

Epoch  27
Parameters:["acc", "auc", "recall", "precision","fmeasure"]
validation_results [0.5645833333333333, 0.5250490788281486, 0.7077922077922078, 0.6468842729970327, 0.6759689922480621]

Epoch  28
Parameters:["acc", "auc", "recall", "precision","fmeasure"]
validation_results [0.5583333333333333, 0.5330338266384778, 0.6818181818181818, 0.6481481481481481, 0.6645569620253163]

Epoch  29
Parameters:["acc", "auc", "recall", "precision","fmeasure"]
validation_results [0.575, 0.5429250981576563, 0.724025974025974, 0.652046783625731, 0.6861538461538461]

Epoch  30
Parameters:["acc", "auc", "recall", "precision","fmeasure"]
validation_results [0.5875, 0.5694276653578979, 0.6785714285714286, 0.6785714285714286, 0.6785714285714286]

Epoch  31
Parameters:["acc", "auc", "recall", "precision","fmeasure"]
validation_results [0.5875, 0.5831131078224101, 0.6428571428571429, 0.6923076923076923, 0.6666666666666666]

Epoch  32
Parameters:["acc", "auc", "recall", "precision","fmeasure"]
validation_results [0.5666666666666667, 0.5643687707641196, 0.6233766233766234, 0.676056338028169, 0.6486486486486486]

Epoch  33
Parameters:["acc", "auc", "recall", "precision","fmeasure"]
validation_results [0.5708333333333333, 0.557762005436424, 0.6688311688311688, 0.6645161290322581, 0.6666666666666666]

Epoch  34
Parameters:["acc", "auc", "recall", "precision","fmeasure"]
validation_results [0.5895833333333333, 0.5726555421322863, 0.6688311688311688, 0.6843853820598007, 0.6765188834154352]

Epoch  35
Parameters:["acc", "auc", "recall", "precision","fmeasure"]
validation_results [0.5666666666666667, 0.5477952280277861, 0.6590909090909091, 0.6633986928104575, 0.6612377850162866]

Epoch  36
Parameters:["acc", "auc", "recall", "precision","fmeasure"]
validation_results [0.5708333333333333, 0.5606689821806101, 0.6785714285714286, 0.6613924050632911, 0.6698717948717948]

Epoch  37
Parameters:["acc", "auc", "recall", "precision","fmeasure"]
validation_results [0.5770833333333333, 0.5340720326185442, 0.7175324675324676, 0.655786350148368, 0.6852713178294574]

Epoch  38
Parameters:["acc", "auc", "recall", "precision","fmeasure"]
validation_results [0.61875, 0.5707867713681667, 0.7532467532467533, 0.6843657817109144, 0.7171561051004638]

Epoch  39
Parameters:["acc", "auc", "recall", "precision","fmeasure"]
validation_results [0.6208333333333333, 0.576581848384174, 0.775974025974026, 0.6789772727272727, 0.7242424242424242]

Epoch  40
Parameters:["acc", "auc", "recall", "precision","fmeasure"]
validation_results [0.60625, 0.5796398369072787, 0.7045454545454546, 0.6888888888888889, 0.6966292134831461]

Epoch  41
Parameters:["acc", "auc", "recall", "precision","fmeasure"]
validation_results [0.5895833333333333, 0.56187707641196, 0.7435064935064936, 0.659942363112392, 0.6992366412213741]

Epoch  42
Parameters:["acc", "auc", "recall", "precision","fmeasure"]
validation_results [0.60625, 0.594778767743884, 0.7305194805194806, 0.6797583081570997, 0.7042253521126761]

Epoch  43
Parameters:["acc", "auc", "recall", "precision","fmeasure"]
validation_results [0.5958333333333333, 0.569654183026276, 0.7954545454545454, 0.651595744680851, 0.7163742690058479]

Epoch  44
Parameters:["acc", "auc", "recall", "precision","fmeasure"]
validation_results [0.5895833333333333, 0.5687669888251283, 0.8116883116883117, 0.6426735218508998, 0.7173601147776184]

Epoch  45
Parameters:["acc", "auc", "recall", "precision","fmeasure"]
validation_results [0.5979166666666667, 0.5598950468136514, 0.7727272727272727, 0.6592797783933518, 0.7115097159940208]

Epoch  46
Parameters:["acc", "auc", "recall", "precision","fmeasure"]
validation_results [0.60625, 0.5897198731501057, 0.7077922077922078, 0.6876971608832808, 0.6976]

Epoch  47
Parameters:["acc", "auc", "recall", "precision","fmeasure"]
validation_results [0.56875, 0.5601781938991242, 0.6136363636363636, 0.6823104693140795, 0.6461538461538462]

Epoch  48
Parameters:["acc", "auc", "recall", "precision","fmeasure"]
validation_results [0.5875, 0.5655013591060103, 0.685064935064935, 0.6762820512820513, 0.6806451612903225]

Epoch  49
Parameters:["acc", "auc", "recall", "precision","fmeasure"]
validation_results [0.5895833333333333, 0.5696919359710058, 0.685064935064935, 0.6784565916398714, 0.6817447495961227]
